<?xml version="1.0" encoding="UTF-8"?>
<testng-results skipped="0" failed="0" ignored="0" total="8" passed="8">
  <reporter-output>
    <line>
      <![CDATA[Contact added successfully-> Bob Marley]]>
    </line>
    <line>
      <![CDATA[Click to see screenshot]]>
    </line>
    <line>
      <![CDATA[<br>]]>
    </line>
    <line>
      <![CDATA[<a target="blank" href=Sat_May_15_13_32_26_IST_2021.jpg>Screenshot</a>]]>
    </line>
    <line>
      <![CDATA[Contact added successfully-> John Smith]]>
    </line>
    <line>
      <![CDATA[Click to see screenshot]]>
    </line>
    <line>
      <![CDATA[<br>]]>
    </line>
    <line>
      <![CDATA[<a target="blank" href=Sat_May_15_13_33_30_IST_2021.jpg>Screenshot</a>]]>
    </line>
    <line>
      <![CDATA[Contact added successfully-> Mike Jones]]>
    </line>
    <line>
      <![CDATA[Click to see screenshot]]>
    </line>
    <line>
      <![CDATA[<br>]]>
    </line>
    <line>
      <![CDATA[<a target="blank" href=Sat_May_15_13_34_30_IST_2021.jpg>Screenshot</a>]]>
    </line>
    <line>
      <![CDATA[Contact added successfully-> Phil Murray]]>
    </line>
    <line>
      <![CDATA[Click to see screenshot]]>
    </line>
    <line>
      <![CDATA[<br>]]>
    </line>
    <line>
      <![CDATA[<a target="blank" href=Sat_May_15_13_36_11_IST_2021.jpg>Screenshot</a>]]>
    </line>
    <line>
      <![CDATA[Contact added successfully-> null null]]>
    </line>
    <line>
      <![CDATA[Click to see screenshot]]>
    </line>
    <line>
      <![CDATA[<br>]]>
    </line>
    <line>
      <![CDATA[<a target="blank" href=Sat_May_15_13_37_11_IST_2021.jpg>Screenshot</a>]]>
    </line>
    <line>
      <![CDATA[Contact added successfully-> null null]]>
    </line>
    <line>
      <![CDATA[Click to see screenshot]]>
    </line>
    <line>
      <![CDATA[<br>]]>
    </line>
    <line>
      <![CDATA[<a target="blank" href=Sat_May_15_13_38_11_IST_2021.jpg>Screenshot</a>]]>
    </line>
    <line>
      <![CDATA[Contact added successfully-> null null]]>
    </line>
    <line>
      <![CDATA[Click to see screenshot]]>
    </line>
    <line>
      <![CDATA[<br>]]>
    </line>
    <line>
      <![CDATA[<a target="blank" href=Sat_May_15_13_39_14_IST_2021.jpg>Screenshot</a>]]>
    </line>
    <line>
      <![CDATA[Contact added successfully-> null null]]>
    </line>
    <line>
      <![CDATA[Click to see screenshot]]>
    </line>
    <line>
      <![CDATA[<br>]]>
    </line>
    <line>
      <![CDATA[<a target="blank" href=Sat_May_15_13_40_15_IST_2021.jpg>Screenshot</a>]]>
    </line>
  </reporter-output>
  <suite name="Cogmento Suite" duration-ms="530041" started-at="2021-05-15T08:01:36Z" finished-at="2021-05-15T08:10:26Z">
    <groups>
    </groups>
    <test name="Add Contacts Test" duration-ms="286040" started-at="2021-05-15T08:01:36Z" finished-at="2021-05-15T08:06:22Z">
      <class name="com.pageObject.testcases.CreateNewContactTest">
        <test-method status="PASS" signature="loginToApp()[pri:0, instance:com.pageObject.testcases.CreateNewContactTest@31000e60]" name="loginToApp" is-config="true" duration-ms="5432" started-at="2021-05-15T08:01:36Z" finished-at="2021-05-15T08:01:41Z">
          <reporter-output>
          </reporter-output>
        </test-method> <!-- loginToApp -->
        <test-method status="PASS" signature="createNewContactTest(java.util.Hashtable)[pri:0, instance:com.pageObject.testcases.CreateNewContactTest@31000e60]" name="createNewContactTest" duration-ms="44881" started-at="2021-05-15T08:01:41Z" data-provider="dp" finished-at="2021-05-15T08:02:26Z">
          <params>
            <param index="0">
              <value>
                <![CDATA[{company=Microsoft, lastname=Marley, runmode=Y, firstname=Bob}]]>
              </value>
            </param>
          </params>
          <reporter-output>
            <line>
              <![CDATA[Contact added successfully-> Bob Marley]]>
            </line>
            <line>
              <![CDATA[Click to see screenshot]]>
            </line>
            <line>
              <![CDATA[<br>]]>
            </line>
            <line>
              <![CDATA[<a target="blank" href=Sat_May_15_13_32_26_IST_2021.jpg>Screenshot</a>]]>
            </line>
          </reporter-output>
        </test-method> <!-- createNewContactTest -->
        <test-method status="PASS" signature="logoutOfApp()[pri:0, instance:com.pageObject.testcases.CreateNewContactTest@31000e60]" name="logoutOfApp" is-config="true" duration-ms="10715" started-at="2021-05-15T08:02:27Z" finished-at="2021-05-15T08:02:38Z">
          <reporter-output>
          </reporter-output>
        </test-method> <!-- logoutOfApp -->
        <test-method status="PASS" signature="loginToApp()[pri:0, instance:com.pageObject.testcases.CreateNewContactTest@31000e60]" name="loginToApp" is-config="true" duration-ms="5363" started-at="2021-05-15T08:02:38Z" finished-at="2021-05-15T08:02:43Z">
          <reporter-output>
          </reporter-output>
        </test-method> <!-- loginToApp -->
        <test-method status="PASS" signature="createNewContactTest(java.util.Hashtable)[pri:0, instance:com.pageObject.testcases.CreateNewContactTest@31000e60]" name="createNewContactTest" duration-ms="46742" started-at="2021-05-15T08:02:43Z" data-provider="dp" finished-at="2021-05-15T08:03:30Z">
          <params>
            <param index="0">
              <value>
                <![CDATA[{company=Google, lastname=Smith, runmode=Y, firstname=John}]]>
              </value>
            </param>
          </params>
          <reporter-output>
            <line>
              <![CDATA[Contact added successfully-> John Smith]]>
            </line>
            <line>
              <![CDATA[Click to see screenshot]]>
            </line>
            <line>
              <![CDATA[<br>]]>
            </line>
            <line>
              <![CDATA[<a target="blank" href=Sat_May_15_13_33_30_IST_2021.jpg>Screenshot</a>]]>
            </line>
          </reporter-output>
        </test-method> <!-- createNewContactTest -->
        <test-method status="PASS" signature="logoutOfApp()[pri:0, instance:com.pageObject.testcases.CreateNewContactTest@31000e60]" name="logoutOfApp" is-config="true" duration-ms="10656" started-at="2021-05-15T08:03:30Z" finished-at="2021-05-15T08:03:41Z">
          <reporter-output>
          </reporter-output>
        </test-method> <!-- logoutOfApp -->
        <test-method status="PASS" signature="loginToApp()[pri:0, instance:com.pageObject.testcases.CreateNewContactTest@31000e60]" name="loginToApp" is-config="true" duration-ms="5360" started-at="2021-05-15T08:03:41Z" finished-at="2021-05-15T08:03:46Z">
          <reporter-output>
          </reporter-output>
        </test-method> <!-- loginToApp -->
        <test-method status="PASS" signature="createNewContactTest(java.util.Hashtable)[pri:0, instance:com.pageObject.testcases.CreateNewContactTest@31000e60]" name="createNewContactTest" duration-ms="43816" started-at="2021-05-15T08:03:46Z" data-provider="dp" finished-at="2021-05-15T08:04:30Z">
          <params>
            <param index="0">
              <value>
                <![CDATA[{company=FIS, lastname=Jones, runmode=Y, firstname=Mike}]]>
              </value>
            </param>
          </params>
          <reporter-output>
            <line>
              <![CDATA[Contact added successfully-> Mike Jones]]>
            </line>
            <line>
              <![CDATA[Click to see screenshot]]>
            </line>
            <line>
              <![CDATA[<br>]]>
            </line>
            <line>
              <![CDATA[<a target="blank" href=Sat_May_15_13_34_30_IST_2021.jpg>Screenshot</a>]]>
            </line>
          </reporter-output>
        </test-method> <!-- createNewContactTest -->
        <test-method status="PASS" signature="logoutOfApp()[pri:0, instance:com.pageObject.testcases.CreateNewContactTest@31000e60]" name="logoutOfApp" is-config="true" duration-ms="10648" started-at="2021-05-15T08:04:30Z" finished-at="2021-05-15T08:04:41Z">
          <reporter-output>
          </reporter-output>
        </test-method> <!-- logoutOfApp -->
        <test-method status="PASS" signature="loginToApp()[pri:0, instance:com.pageObject.testcases.CreateNewContactTest@31000e60]" name="loginToApp" is-config="true" duration-ms="5360" started-at="2021-05-15T08:04:41Z" finished-at="2021-05-15T08:04:46Z">
          <reporter-output>
          </reporter-output>
        </test-method> <!-- loginToApp -->
        <test-method status="PASS" signature="createNewContactTest(java.util.Hashtable)[pri:0, instance:com.pageObject.testcases.CreateNewContactTest@31000e60]" name="createNewContactTest" duration-ms="84828" started-at="2021-05-15T08:04:46Z" data-provider="dp" finished-at="2021-05-15T08:06:11Z">
          <params>
            <param index="0">
              <value>
                <![CDATA[{company=Facebook, lastname=Murray, runmode=Y, firstname=Phil}]]>
              </value>
            </param>
          </params>
          <reporter-output>
            <line>
              <![CDATA[Contact added successfully-> Phil Murray]]>
            </line>
            <line>
              <![CDATA[Click to see screenshot]]>
            </line>
            <line>
              <![CDATA[<br>]]>
            </line>
            <line>
              <![CDATA[<a target="blank" href=Sat_May_15_13_36_11_IST_2021.jpg>Screenshot</a>]]>
            </line>
          </reporter-output>
        </test-method> <!-- createNewContactTest -->
        <test-method status="PASS" signature="logoutOfApp()[pri:0, instance:com.pageObject.testcases.CreateNewContactTest@31000e60]" name="logoutOfApp" is-config="true" duration-ms="10712" started-at="2021-05-15T08:06:11Z" finished-at="2021-05-15T08:06:22Z">
          <reporter-output>
          </reporter-output>
        </test-method> <!-- logoutOfApp -->
      </class> <!-- com.pageObject.testcases.CreateNewContactTest -->
    </test> <!-- Add Contacts Test -->
    <test name="Add Deal Test" duration-ms="243986" started-at="2021-05-15T08:06:22Z" finished-at="2021-05-15T08:10:26Z">
      <class name="com.pageObject.testcases.CreateNewDealTest">
        <test-method status="PASS" signature="loginToApp()[pri:0, instance:com.pageObject.testcases.CreateNewDealTest@4aa83f4f]" name="loginToApp" is-config="true" duration-ms="5381" started-at="2021-05-15T08:06:22Z" finished-at="2021-05-15T08:06:27Z">
          <reporter-output>
          </reporter-output>
        </test-method> <!-- loginToApp -->
        <test-method status="PASS" signature="createNewDealTest(java.util.Hashtable)[pri:0, instance:com.pageObject.testcases.CreateNewDealTest@4aa83f4f]" name="createNewDealTest" duration-ms="43653" started-at="2021-05-15T08:06:27Z" data-provider="dp" finished-at="2021-05-15T08:07:11Z">
          <params>
            <param index="0">
              <value>
                <![CDATA[{company=Tesla, description=Battery operated cars, runmode=Y, title=Automobile}]]>
              </value>
            </param>
          </params>
          <reporter-output>
            <line>
              <![CDATA[Contact added successfully-> null null]]>
            </line>
            <line>
              <![CDATA[Click to see screenshot]]>
            </line>
            <line>
              <![CDATA[<br>]]>
            </line>
            <line>
              <![CDATA[<a target="blank" href=Sat_May_15_13_37_11_IST_2021.jpg>Screenshot</a>]]>
            </line>
          </reporter-output>
        </test-method> <!-- createNewDealTest -->
        <test-method status="PASS" signature="logoutOfApp()[pri:0, instance:com.pageObject.testcases.CreateNewDealTest@4aa83f4f]" name="logoutOfApp" is-config="true" duration-ms="10665" started-at="2021-05-15T08:07:11Z" finished-at="2021-05-15T08:07:22Z">
          <reporter-output>
          </reporter-output>
        </test-method> <!-- logoutOfApp -->
        <test-method status="PASS" signature="loginToApp()[pri:0, instance:com.pageObject.testcases.CreateNewDealTest@4aa83f4f]" name="loginToApp" is-config="true" duration-ms="5369" started-at="2021-05-15T08:07:22Z" finished-at="2021-05-15T08:07:27Z">
          <reporter-output>
          </reporter-output>
        </test-method> <!-- loginToApp -->
        <test-method status="PASS" signature="createNewDealTest(java.util.Hashtable)[pri:0, instance:com.pageObject.testcases.CreateNewDealTest@4aa83f4f]" name="createNewDealTest" duration-ms="43930" started-at="2021-05-15T08:07:27Z" data-provider="dp" finished-at="2021-05-15T08:08:11Z">
          <params>
            <param index="0">
              <value>
                <![CDATA[{company=SpaceX, description=Starship for better future, runmode=Y, title=Aviation}]]>
              </value>
            </param>
          </params>
          <reporter-output>
            <line>
              <![CDATA[Contact added successfully-> null null]]>
            </line>
            <line>
              <![CDATA[Click to see screenshot]]>
            </line>
            <line>
              <![CDATA[<br>]]>
            </line>
            <line>
              <![CDATA[<a target="blank" href=Sat_May_15_13_38_11_IST_2021.jpg>Screenshot</a>]]>
            </line>
          </reporter-output>
        </test-method> <!-- createNewDealTest -->
        <test-method status="PASS" signature="logoutOfApp()[pri:0, instance:com.pageObject.testcases.CreateNewDealTest@4aa83f4f]" name="logoutOfApp" is-config="true" duration-ms="10656" started-at="2021-05-15T08:08:11Z" finished-at="2021-05-15T08:08:22Z">
          <reporter-output>
          </reporter-output>
        </test-method> <!-- logoutOfApp -->
        <test-method status="PASS" signature="loginToApp()[pri:0, instance:com.pageObject.testcases.CreateNewDealTest@4aa83f4f]" name="loginToApp" is-config="true" duration-ms="5350" started-at="2021-05-15T08:08:22Z" finished-at="2021-05-15T08:08:27Z">
          <reporter-output>
          </reporter-output>
        </test-method> <!-- loginToApp -->
        <test-method status="PASS" signature="createNewDealTest(java.util.Hashtable)[pri:0, instance:com.pageObject.testcases.CreateNewDealTest@4aa83f4f]" name="createNewDealTest" duration-ms="46054" started-at="2021-05-15T08:08:27Z" data-provider="dp" finished-at="2021-05-15T08:09:13Z">
          <params>
            <param index="0">
              <value>
                <![CDATA[{company=Nestle, description=Making Maggi since generations, runmode=Y, title=Food manufacuring}]]>
              </value>
            </param>
          </params>
          <reporter-output>
            <line>
              <![CDATA[Contact added successfully-> null null]]>
            </line>
            <line>
              <![CDATA[Click to see screenshot]]>
            </line>
            <line>
              <![CDATA[<br>]]>
            </line>
            <line>
              <![CDATA[<a target="blank" href=Sat_May_15_13_39_14_IST_2021.jpg>Screenshot</a>]]>
            </line>
          </reporter-output>
        </test-method> <!-- createNewDealTest -->
        <test-method status="PASS" signature="logoutOfApp()[pri:0, instance:com.pageObject.testcases.CreateNewDealTest@4aa83f4f]" name="logoutOfApp" is-config="true" duration-ms="10593" started-at="2021-05-15T08:09:14Z" finished-at="2021-05-15T08:09:24Z">
          <reporter-output>
          </reporter-output>
        </test-method> <!-- logoutOfApp -->
        <test-method status="PASS" signature="loginToApp()[pri:0, instance:com.pageObject.testcases.CreateNewDealTest@4aa83f4f]" name="loginToApp" is-config="true" duration-ms="5564" started-at="2021-05-15T08:09:24Z" finished-at="2021-05-15T08:09:30Z">
          <reporter-output>
          </reporter-output>
        </test-method> <!-- loginToApp -->
        <test-method status="PASS" signature="createNewDealTest(java.util.Hashtable)[pri:0, instance:com.pageObject.testcases.CreateNewDealTest@4aa83f4f]" name="createNewDealTest" duration-ms="45185" started-at="2021-05-15T08:09:30Z" data-provider="dp" finished-at="2021-05-15T08:10:15Z">
          <params>
            <param index="0">
              <value>
                <![CDATA[{company=FIS, description=My existing company, runmode=Y, title=Information Technology}]]>
              </value>
            </param>
          </params>
          <reporter-output>
            <line>
              <![CDATA[Contact added successfully-> null null]]>
            </line>
            <line>
              <![CDATA[Click to see screenshot]]>
            </line>
            <line>
              <![CDATA[<br>]]>
            </line>
            <line>
              <![CDATA[<a target="blank" href=Sat_May_15_13_40_15_IST_2021.jpg>Screenshot</a>]]>
            </line>
          </reporter-output>
        </test-method> <!-- createNewDealTest -->
        <test-method status="PASS" signature="logoutOfApp()[pri:0, instance:com.pageObject.testcases.CreateNewDealTest@4aa83f4f]" name="logoutOfApp" is-config="true" duration-ms="10642" started-at="2021-05-15T08:10:15Z" finished-at="2021-05-15T08:10:26Z">
          <reporter-output>
          </reporter-output>
        </test-method> <!-- logoutOfApp -->
        <test-method status="PASS" signature="tearDown()[pri:0, instance:com.pageObject.testcases.CreateNewDealTest@4aa83f4f]" name="tearDown" is-config="true" duration-ms="1100" started-at="2021-05-15T08:10:26Z" finished-at="2021-05-15T08:10:27Z">
          <reporter-output>
          </reporter-output>
        </test-method> <!-- tearDown -->
      </class> <!-- com.pageObject.testcases.CreateNewDealTest -->
    </test> <!-- Add Deal Test -->
  </suite> <!-- Cogmento Suite -->
</testng-results>
