<?xml version="1.0" encoding="UTF-8"?>
<testng-results skipped="0" failed="0" ignored="0" total="8" passed="8">
  <reporter-output>
    <line>
      <![CDATA[Contact added successfully-> Bob Marley]]>
    </line>
    <line>
      <![CDATA[Click to see screenshot]]>
    </line>
    <line>
      <![CDATA[<br>]]>
    </line>
    <line>
      <![CDATA[<a target="blank" href=Wed_May_12_16_38_40_IST_2021.jpg>Screenshot</a>]]>
    </line>
    <line>
      <![CDATA[Contact added successfully-> John Smith]]>
    </line>
    <line>
      <![CDATA[Click to see screenshot]]>
    </line>
    <line>
      <![CDATA[<br>]]>
    </line>
    <line>
      <![CDATA[<a target="blank" href=Wed_May_12_16_39_36_IST_2021.jpg>Screenshot</a>]]>
    </line>
    <line>
      <![CDATA[Contact added successfully-> Mike Jones]]>
    </line>
    <line>
      <![CDATA[Click to see screenshot]]>
    </line>
    <line>
      <![CDATA[<br>]]>
    </line>
    <line>
      <![CDATA[<a target="blank" href=Wed_May_12_16_41_13_IST_2021.jpg>Screenshot</a>]]>
    </line>
    <line>
      <![CDATA[Contact added successfully-> Phil Murray]]>
    </line>
    <line>
      <![CDATA[Click to see screenshot]]>
    </line>
    <line>
      <![CDATA[<br>]]>
    </line>
    <line>
      <![CDATA[<a target="blank" href=Wed_May_12_16_42_10_IST_2021.jpg>Screenshot</a>]]>
    </line>
    <line>
      <![CDATA[Contact added successfully-> null null]]>
    </line>
    <line>
      <![CDATA[Click to see screenshot]]>
    </line>
    <line>
      <![CDATA[<br>]]>
    </line>
    <line>
      <![CDATA[<a target="blank" href=Wed_May_12_16_43_04_IST_2021.jpg>Screenshot</a>]]>
    </line>
    <line>
      <![CDATA[Contact added successfully-> null null]]>
    </line>
    <line>
      <![CDATA[Click to see screenshot]]>
    </line>
    <line>
      <![CDATA[<br>]]>
    </line>
    <line>
      <![CDATA[<a target="blank" href=Wed_May_12_16_43_59_IST_2021.jpg>Screenshot</a>]]>
    </line>
    <line>
      <![CDATA[Contact added successfully-> null null]]>
    </line>
    <line>
      <![CDATA[Click to see screenshot]]>
    </line>
    <line>
      <![CDATA[<br>]]>
    </line>
    <line>
      <![CDATA[<a target="blank" href=Wed_May_12_16_44_54_IST_2021.jpg>Screenshot</a>]]>
    </line>
    <line>
      <![CDATA[Contact added successfully-> null null]]>
    </line>
    <line>
      <![CDATA[Click to see screenshot]]>
    </line>
    <line>
      <![CDATA[<br>]]>
    </line>
    <line>
      <![CDATA[<a target="blank" href=Wed_May_12_16_45_50_IST_2021.jpg>Screenshot</a>]]>
    </line>
  </reporter-output>
  <suite name="Cogmento Suite" duration-ms="487346" started-at="2021-05-12T11:07:49Z" finished-at="2021-05-12T11:15:56Z">
    <groups>
    </groups>
    <test name="Add Contacts Test" duration-ms="266824" started-at="2021-05-12T11:07:49Z" finished-at="2021-05-12T11:12:16Z">
      <class name="com.pageObject.testcases.CreateNewContactTest">
        <test-method status="PASS" signature="loginToApp()[pri:0, instance:com.pageObject.testcases.CreateNewContactTest@31000e60]" name="loginToApp" is-config="true" duration-ms="5551" started-at="2021-05-12T11:07:49Z" finished-at="2021-05-12T11:07:55Z">
          <reporter-output>
          </reporter-output>
        </test-method> <!-- loginToApp -->
        <test-method status="PASS" signature="createNewContactTest(java.util.Hashtable)[pri:0, instance:com.pageObject.testcases.CreateNewContactTest@31000e60]" name="createNewContactTest" duration-ms="45283" started-at="2021-05-12T11:07:55Z" data-provider="dp" finished-at="2021-05-12T11:08:40Z">
          <params>
            <param index="0">
              <value>
                <![CDATA[{company=Microsoft, lastname=Marley, runmode=Y, firstname=Bob}]]>
              </value>
            </param>
          </params>
          <reporter-output>
            <line>
              <![CDATA[Contact added successfully-> Bob Marley]]>
            </line>
            <line>
              <![CDATA[Click to see screenshot]]>
            </line>
            <line>
              <![CDATA[<br>]]>
            </line>
            <line>
              <![CDATA[<a target="blank" href=Wed_May_12_16_38_40_IST_2021.jpg>Screenshot</a>]]>
            </line>
          </reporter-output>
        </test-method> <!-- createNewContactTest -->
        <test-method status="PASS" signature="logoutOfApp()[pri:0, instance:com.pageObject.testcases.CreateNewContactTest@31000e60]" name="logoutOfApp" is-config="true" duration-ms="6028" started-at="2021-05-12T11:08:40Z" finished-at="2021-05-12T11:08:46Z">
          <reporter-output>
          </reporter-output>
        </test-method> <!-- logoutOfApp -->
        <test-method status="PASS" signature="loginToApp()[pri:0, instance:com.pageObject.testcases.CreateNewContactTest@31000e60]" name="loginToApp" is-config="true" duration-ms="5354" started-at="2021-05-12T11:08:46Z" finished-at="2021-05-12T11:08:52Z">
          <reporter-output>
          </reporter-output>
        </test-method> <!-- loginToApp -->
        <test-method status="PASS" signature="createNewContactTest(java.util.Hashtable)[pri:0, instance:com.pageObject.testcases.CreateNewContactTest@31000e60]" name="createNewContactTest" duration-ms="44204" started-at="2021-05-12T11:08:52Z" data-provider="dp" finished-at="2021-05-12T11:09:36Z">
          <params>
            <param index="0">
              <value>
                <![CDATA[{company=Google, lastname=Smith, runmode=Y, firstname=John}]]>
              </value>
            </param>
          </params>
          <reporter-output>
            <line>
              <![CDATA[Contact added successfully-> John Smith]]>
            </line>
            <line>
              <![CDATA[Click to see screenshot]]>
            </line>
            <line>
              <![CDATA[<br>]]>
            </line>
            <line>
              <![CDATA[<a target="blank" href=Wed_May_12_16_39_36_IST_2021.jpg>Screenshot</a>]]>
            </line>
          </reporter-output>
        </test-method> <!-- createNewContactTest -->
        <test-method status="PASS" signature="logoutOfApp()[pri:0, instance:com.pageObject.testcases.CreateNewContactTest@31000e60]" name="logoutOfApp" is-config="true" duration-ms="46561" started-at="2021-05-12T11:09:36Z" finished-at="2021-05-12T11:10:23Z">
          <reporter-output>
          </reporter-output>
        </test-method> <!-- logoutOfApp -->
        <test-method status="PASS" signature="loginToApp()[pri:0, instance:com.pageObject.testcases.CreateNewContactTest@31000e60]" name="loginToApp" is-config="true" duration-ms="5369" started-at="2021-05-12T11:10:23Z" finished-at="2021-05-12T11:10:28Z">
          <reporter-output>
          </reporter-output>
        </test-method> <!-- loginToApp -->
        <test-method status="PASS" signature="createNewContactTest(java.util.Hashtable)[pri:0, instance:com.pageObject.testcases.CreateNewContactTest@31000e60]" name="createNewContactTest" duration-ms="44688" started-at="2021-05-12T11:10:28Z" data-provider="dp" finished-at="2021-05-12T11:11:13Z">
          <params>
            <param index="0">
              <value>
                <![CDATA[{company=FIS, lastname=Jones, runmode=Y, firstname=Mike}]]>
              </value>
            </param>
          </params>
          <reporter-output>
            <line>
              <![CDATA[Contact added successfully-> Mike Jones]]>
            </line>
            <line>
              <![CDATA[Click to see screenshot]]>
            </line>
            <line>
              <![CDATA[<br>]]>
            </line>
            <line>
              <![CDATA[<a target="blank" href=Wed_May_12_16_41_13_IST_2021.jpg>Screenshot</a>]]>
            </line>
          </reporter-output>
        </test-method> <!-- createNewContactTest -->
        <test-method status="PASS" signature="logoutOfApp()[pri:0, instance:com.pageObject.testcases.CreateNewContactTest@31000e60]" name="logoutOfApp" is-config="true" duration-ms="6040" started-at="2021-05-12T11:11:13Z" finished-at="2021-05-12T11:11:19Z">
          <reporter-output>
          </reporter-output>
        </test-method> <!-- logoutOfApp -->
        <test-method status="PASS" signature="loginToApp()[pri:0, instance:com.pageObject.testcases.CreateNewContactTest@31000e60]" name="loginToApp" is-config="true" duration-ms="5344" started-at="2021-05-12T11:11:19Z" finished-at="2021-05-12T11:11:24Z">
          <reporter-output>
          </reporter-output>
        </test-method> <!-- loginToApp -->
        <test-method status="PASS" signature="createNewContactTest(java.util.Hashtable)[pri:0, instance:com.pageObject.testcases.CreateNewContactTest@31000e60]" name="createNewContactTest" duration-ms="45243" started-at="2021-05-12T11:11:24Z" data-provider="dp" finished-at="2021-05-12T11:12:10Z">
          <params>
            <param index="0">
              <value>
                <![CDATA[{company=Facebook, lastname=Murray, runmode=Y, firstname=Phil}]]>
              </value>
            </param>
          </params>
          <reporter-output>
            <line>
              <![CDATA[Contact added successfully-> Phil Murray]]>
            </line>
            <line>
              <![CDATA[Click to see screenshot]]>
            </line>
            <line>
              <![CDATA[<br>]]>
            </line>
            <line>
              <![CDATA[<a target="blank" href=Wed_May_12_16_42_10_IST_2021.jpg>Screenshot</a>]]>
            </line>
          </reporter-output>
        </test-method> <!-- createNewContactTest -->
        <test-method status="PASS" signature="logoutOfApp()[pri:0, instance:com.pageObject.testcases.CreateNewContactTest@31000e60]" name="logoutOfApp" is-config="true" duration-ms="5657" started-at="2021-05-12T11:12:10Z" finished-at="2021-05-12T11:12:16Z">
          <reporter-output>
          </reporter-output>
        </test-method> <!-- logoutOfApp -->
      </class> <!-- com.pageObject.testcases.CreateNewContactTest -->
    </test> <!-- Add Contacts Test -->
    <test name="Add Deal Test" duration-ms="220484" started-at="2021-05-12T11:12:16Z" finished-at="2021-05-12T11:15:56Z">
      <class name="com.pageObject.testcases.CreateNewDealTest">
        <test-method status="PASS" signature="loginToApp()[pri:0, instance:com.pageObject.testcases.CreateNewDealTest@4aa83f4f]" name="loginToApp" is-config="true" duration-ms="5342" started-at="2021-05-12T11:12:16Z" finished-at="2021-05-12T11:12:21Z">
          <reporter-output>
          </reporter-output>
        </test-method> <!-- loginToApp -->
        <test-method status="PASS" signature="createNewDealTest(java.util.Hashtable)[pri:0, instance:com.pageObject.testcases.CreateNewDealTest@4aa83f4f]" name="createNewDealTest" duration-ms="43216" started-at="2021-05-12T11:12:21Z" data-provider="dp" finished-at="2021-05-12T11:13:04Z">
          <params>
            <param index="0">
              <value>
                <![CDATA[{company=Tesla, description=Battery operated cars, runmode=Y, title=Automobile}]]>
              </value>
            </param>
          </params>
          <reporter-output>
            <line>
              <![CDATA[Contact added successfully-> null null]]>
            </line>
            <line>
              <![CDATA[Click to see screenshot]]>
            </line>
            <line>
              <![CDATA[<br>]]>
            </line>
            <line>
              <![CDATA[<a target="blank" href=Wed_May_12_16_43_04_IST_2021.jpg>Screenshot</a>]]>
            </line>
          </reporter-output>
        </test-method> <!-- createNewDealTest -->
        <test-method status="PASS" signature="logoutOfApp()[pri:0, instance:com.pageObject.testcases.CreateNewDealTest@4aa83f4f]" name="logoutOfApp" is-config="true" duration-ms="5776" started-at="2021-05-12T11:13:04Z" finished-at="2021-05-12T11:13:10Z">
          <reporter-output>
          </reporter-output>
        </test-method> <!-- logoutOfApp -->
        <test-method status="PASS" signature="loginToApp()[pri:0, instance:com.pageObject.testcases.CreateNewDealTest@4aa83f4f]" name="loginToApp" is-config="true" duration-ms="5355" started-at="2021-05-12T11:13:10Z" finished-at="2021-05-12T11:13:16Z">
          <reporter-output>
          </reporter-output>
        </test-method> <!-- loginToApp -->
        <test-method status="PASS" signature="createNewDealTest(java.util.Hashtable)[pri:0, instance:com.pageObject.testcases.CreateNewDealTest@4aa83f4f]" name="createNewDealTest" duration-ms="43636" started-at="2021-05-12T11:13:16Z" data-provider="dp" finished-at="2021-05-12T11:13:59Z">
          <params>
            <param index="0">
              <value>
                <![CDATA[{company=SpaceX, description=Starship for better future, runmode=Y, title=Aviation}]]>
              </value>
            </param>
          </params>
          <reporter-output>
            <line>
              <![CDATA[Contact added successfully-> null null]]>
            </line>
            <line>
              <![CDATA[Click to see screenshot]]>
            </line>
            <line>
              <![CDATA[<br>]]>
            </line>
            <line>
              <![CDATA[<a target="blank" href=Wed_May_12_16_43_59_IST_2021.jpg>Screenshot</a>]]>
            </line>
          </reporter-output>
        </test-method> <!-- createNewDealTest -->
        <test-method status="PASS" signature="logoutOfApp()[pri:0, instance:com.pageObject.testcases.CreateNewDealTest@4aa83f4f]" name="logoutOfApp" is-config="true" duration-ms="5663" started-at="2021-05-12T11:13:59Z" finished-at="2021-05-12T11:14:05Z">
          <reporter-output>
          </reporter-output>
        </test-method> <!-- logoutOfApp -->
        <test-method status="PASS" signature="loginToApp()[pri:0, instance:com.pageObject.testcases.CreateNewDealTest@4aa83f4f]" name="loginToApp" is-config="true" duration-ms="5339" started-at="2021-05-12T11:14:05Z" finished-at="2021-05-12T11:14:10Z">
          <reporter-output>
          </reporter-output>
        </test-method> <!-- loginToApp -->
        <test-method status="PASS" signature="createNewDealTest(java.util.Hashtable)[pri:0, instance:com.pageObject.testcases.CreateNewDealTest@4aa83f4f]" name="createNewDealTest" duration-ms="43474" started-at="2021-05-12T11:14:10Z" data-provider="dp" finished-at="2021-05-12T11:14:54Z">
          <params>
            <param index="0">
              <value>
                <![CDATA[{company=Nestle, description=Making Maggi since generations, runmode=Y, title=Food manufacuring}]]>
              </value>
            </param>
          </params>
          <reporter-output>
            <line>
              <![CDATA[Contact added successfully-> null null]]>
            </line>
            <line>
              <![CDATA[Click to see screenshot]]>
            </line>
            <line>
              <![CDATA[<br>]]>
            </line>
            <line>
              <![CDATA[<a target="blank" href=Wed_May_12_16_44_54_IST_2021.jpg>Screenshot</a>]]>
            </line>
          </reporter-output>
        </test-method> <!-- createNewDealTest -->
        <test-method status="PASS" signature="logoutOfApp()[pri:0, instance:com.pageObject.testcases.CreateNewDealTest@4aa83f4f]" name="logoutOfApp" is-config="true" duration-ms="5728" started-at="2021-05-12T11:14:54Z" finished-at="2021-05-12T11:15:00Z">
          <reporter-output>
          </reporter-output>
        </test-method> <!-- logoutOfApp -->
        <test-method status="PASS" signature="loginToApp()[pri:0, instance:com.pageObject.testcases.CreateNewDealTest@4aa83f4f]" name="loginToApp" is-config="true" duration-ms="5388" started-at="2021-05-12T11:15:00Z" finished-at="2021-05-12T11:15:05Z">
          <reporter-output>
          </reporter-output>
        </test-method> <!-- loginToApp -->
        <test-method status="PASS" signature="createNewDealTest(java.util.Hashtable)[pri:0, instance:com.pageObject.testcases.CreateNewDealTest@4aa83f4f]" name="createNewDealTest" duration-ms="45321" started-at="2021-05-12T11:15:05Z" data-provider="dp" finished-at="2021-05-12T11:15:50Z">
          <params>
            <param index="0">
              <value>
                <![CDATA[{company=FIS, description=My existing company, runmode=Y, title=Information Technology}]]>
              </value>
            </param>
          </params>
          <reporter-output>
            <line>
              <![CDATA[Contact added successfully-> null null]]>
            </line>
            <line>
              <![CDATA[Click to see screenshot]]>
            </line>
            <line>
              <![CDATA[<br>]]>
            </line>
            <line>
              <![CDATA[<a target="blank" href=Wed_May_12_16_45_50_IST_2021.jpg>Screenshot</a>]]>
            </line>
          </reporter-output>
        </test-method> <!-- createNewDealTest -->
        <test-method status="PASS" signature="logoutOfApp()[pri:0, instance:com.pageObject.testcases.CreateNewDealTest@4aa83f4f]" name="logoutOfApp" is-config="true" duration-ms="5776" started-at="2021-05-12T11:15:50Z" finished-at="2021-05-12T11:15:56Z">
          <reporter-output>
          </reporter-output>
        </test-method> <!-- logoutOfApp -->
        <test-method status="PASS" signature="tearDown()[pri:0, instance:com.pageObject.testcases.CreateNewDealTest@4aa83f4f]" name="tearDown" is-config="true" duration-ms="834" started-at="2021-05-12T11:15:56Z" finished-at="2021-05-12T11:15:57Z">
          <reporter-output>
          </reporter-output>
        </test-method> <!-- tearDown -->
      </class> <!-- com.pageObject.testcases.CreateNewDealTest -->
    </test> <!-- Add Deal Test -->
  </suite> <!-- Cogmento Suite -->
</testng-results>
