<?xml version="1.0" encoding="UTF-8"?>
<testsuite xmlns:xsi="http://www.w3.org/2001/XMLSchema-instance" xsi:noNamespaceSchemaLocation="https://maven.apache.org/surefire/maven-surefire-plugin/xsd/surefire-test-report.xsd" name="TestSuite" time="157.396" tests="8" errors="0" skipped="0" failures="0">
  <properties>
[...]
</properties>
  <testcase name="createNewContactTest" classname="com.pageObject.testcases.CreateNewContactTest" time="5.112"/>
  <testcase name="createNewContactTest" classname="com.pageObject.testcases.CreateNewContactTest" time="6.278"/>
  <testcase name="createNewContactTest" classname="com.pageObject.testcases.CreateNewContactTest" time="5.53"/>
  <testcase name="createNewContactTest" classname="com.pageObject.testcases.CreateNewContactTest" time="7.882"/>
  <testcase name="createNewDealTest" classname="com.pageObject.testcases.CreateNewDealTest" time="5.519"/>
  <testcase name="createNewDealTest" classname="com.pageObject.testcases.CreateNewDealTest" time="5.408"/>
  <testcase name="createNewDealTest" classname="com.pageObject.testcases.CreateNewDealTest" time="5.769"/>
  <testcase name="createNewDealTest" classname="com.pageObject.testcases.CreateNewDealTest" time="4.895"/>
</testsuite>