<?xml version="1.0" encoding="UTF-8"?>
<testsuite xmlns:xsi="http://www.w3.org/2001/XMLSchema-instance" xsi:noNamespaceSchemaLocation="https://maven.apache.org/surefire/maven-surefire-plugin/xsd/surefire-test-report.xsd" name="TestSuite" time="543.177" tests="8" errors="0" skipped="0" failures="0">
  <properties>
[...]
</properties>
  <testcase name="createNewContactTest" classname="com.pageObject.testcases.CreateNewContactTest" time="44.881"/>
  <testcase name="createNewContactTest" classname="com.pageObject.testcases.CreateNewContactTest" time="46.742"/>
  <testcase name="createNewContactTest" classname="com.pageObject.testcases.CreateNewContactTest" time="43.816"/>
  <testcase name="createNewContactTest" classname="com.pageObject.testcases.CreateNewContactTest" time="84.829"/>
  <testcase name="createNewDealTest" classname="com.pageObject.testcases.CreateNewDealTest" time="43.654"/>
  <testcase name="createNewDealTest" classname="com.pageObject.testcases.CreateNewDealTest" time="43.928"/>
  <testcase name="createNewDealTest" classname="com.pageObject.testcases.CreateNewDealTest" time="46.054"/>
  <testcase name="createNewDealTest" classname="com.pageObject.testcases.CreateNewDealTest" time="45.184"/>
</testsuite>