<?xml version="1.0" encoding="UTF-8"?>
<!-- Generated by org.testng.reporters.JUnitXMLReporter -->
<testsuite hostname="Manpreet" ignored="0" name="Add Deal Test" tests="4" failures="0" timestamp="12 May 2021 11:15:56 GMT" time="220.484" errors="0">
  <testcase name="createNewDealTest" time="43.216" classname="com.pageObject.testcases.CreateNewDealTest"/>
  <testcase name="createNewDealTest" time="43.636" classname="com.pageObject.testcases.CreateNewDealTest"/>
  <testcase name="createNewDealTest" time="43.474" classname="com.pageObject.testcases.CreateNewDealTest"/>
  <testcase name="createNewDealTest" time="45.321" classname="com.pageObject.testcases.CreateNewDealTest"/>
</testsuite> <!-- Add Deal Test -->
