<?xml version="1.0" encoding="UTF-8"?>
<!-- Generated by org.testng.reporters.JUnitXMLReporter -->
<testsuite hostname="Manpreet" ignored="0" name="Add Contacts Test" tests="4" failures="0" timestamp="12 May 2021 11:12:16 GMT" time="266.824" errors="0">
  <testcase name="createNewContactTest" time="45.283" classname="com.pageObject.testcases.CreateNewContactTest"/>
  <testcase name="createNewContactTest" time="44.204" classname="com.pageObject.testcases.CreateNewContactTest"/>
  <testcase name="createNewContactTest" time="44.688" classname="com.pageObject.testcases.CreateNewContactTest"/>
  <testcase name="createNewContactTest" time="45.243" classname="com.pageObject.testcases.CreateNewContactTest"/>
</testsuite> <!-- Add Contacts Test -->
