<?xml version="1.0" encoding="UTF-8"?>
<testsuite name="Add Contacts Test"
           tests="4"
           failures="0"
           errors="0"
           skipped="0"
           time="179.392">
  <properties />
  
  
            <testcase name="createNewContactTest" time="45.302" classname="com.pageObject.testcases.CreateNewContactTest" />
                <testcase name="createNewContactTest" time="44.657" classname="com.pageObject.testcases.CreateNewContactTest" />
                <testcase name="createNewContactTest" time="45.529" classname="com.pageObject.testcases.CreateNewContactTest" />
                <testcase name="createNewContactTest" time="43.904" classname="com.pageObject.testcases.CreateNewContactTest" />
      
</testsuite>
