<?xml version="1.0" encoding="UTF-8"?>
<testng-results skipped="0" failed="0" ignored="0" total="8" passed="8">
  <reporter-output>
    <line>
      <![CDATA[Contact added successfully-> Bob Marley]]>
    </line>
    <line>
      <![CDATA[Click to see screenshot]]>
    </line>
    <line>
      <![CDATA[<br>]]>
    </line>
    <line>
      <![CDATA[<a target="blank" href=Wed_May_12_16_11_32_IST_2021.jpg>Screenshot</a>]]>
    </line>
    <line>
      <![CDATA[Contact added successfully-> John Smith]]>
    </line>
    <line>
      <![CDATA[Click to see screenshot]]>
    </line>
    <line>
      <![CDATA[<br>]]>
    </line>
    <line>
      <![CDATA[<a target="blank" href=Wed_May_12_16_12_29_IST_2021.jpg>Screenshot</a>]]>
    </line>
    <line>
      <![CDATA[Contact added successfully-> Mike Jones]]>
    </line>
    <line>
      <![CDATA[Click to see screenshot]]>
    </line>
    <line>
      <![CDATA[<br>]]>
    </line>
    <line>
      <![CDATA[<a target="blank" href=Wed_May_12_16_13_25_IST_2021.jpg>Screenshot</a>]]>
    </line>
    <line>
      <![CDATA[Contact added successfully-> Phil Murray]]>
    </line>
    <line>
      <![CDATA[Click to see screenshot]]>
    </line>
    <line>
      <![CDATA[<br>]]>
    </line>
    <line>
      <![CDATA[<a target="blank" href=Wed_May_12_16_14_22_IST_2021.jpg>Screenshot</a>]]>
    </line>
    <line>
      <![CDATA[Contact added successfully-> null null]]>
    </line>
    <line>
      <![CDATA[Click to see screenshot]]>
    </line>
    <line>
      <![CDATA[<br>]]>
    </line>
    <line>
      <![CDATA[<a target="blank" href=Wed_May_12_16_15_57_IST_2021.jpg>Screenshot</a>]]>
    </line>
    <line>
      <![CDATA[Contact added successfully-> null null]]>
    </line>
    <line>
      <![CDATA[Click to see screenshot]]>
    </line>
    <line>
      <![CDATA[<br>]]>
    </line>
    <line>
      <![CDATA[<a target="blank" href=Wed_May_12_16_16_55_IST_2021.jpg>Screenshot</a>]]>
    </line>
    <line>
      <![CDATA[Contact added successfully-> null null]]>
    </line>
    <line>
      <![CDATA[Click to see screenshot]]>
    </line>
    <line>
      <![CDATA[<br>]]>
    </line>
    <line>
      <![CDATA[<a target="blank" href=Wed_May_12_16_17_53_IST_2021.jpg>Screenshot</a>]]>
    </line>
    <line>
      <![CDATA[Contact added successfully-> null null]]>
    </line>
    <line>
      <![CDATA[Click to see screenshot]]>
    </line>
    <line>
      <![CDATA[<br>]]>
    </line>
    <line>
      <![CDATA[<a target="blank" href=Wed_May_12_16_18_52_IST_2021.jpg>Screenshot</a>]]>
    </line>
  </reporter-output>
  <suite name="Cogmento Suite" duration-ms="497028" started-at="2021-05-12T10:40:41Z" finished-at="2021-05-12T10:48:58Z">
    <groups>
    </groups>
    <test name="Add Contacts Test" duration-ms="267443" started-at="2021-05-12T10:40:41Z" finished-at="2021-05-12T10:45:08Z">
      <class name="com.pageObject.testcases.CreateNewContactTest">
        <test-method status="PASS" signature="loginToApp()[pri:0, instance:com.pageObject.testcases.CreateNewContactTest@5ee2b6f9]" name="loginToApp" is-config="true" duration-ms="5426" started-at="2021-05-12T10:40:41Z" finished-at="2021-05-12T10:40:46Z">
          <reporter-output>
          </reporter-output>
        </test-method> <!-- loginToApp -->
        <test-method status="PASS" signature="createNewContactTest(java.util.Hashtable)[pri:0, instance:com.pageObject.testcases.CreateNewContactTest@5ee2b6f9]" name="createNewContactTest" duration-ms="45529" started-at="2021-05-12T10:40:46Z" data-provider="dp" finished-at="2021-05-12T10:41:32Z">
          <params>
            <param index="0">
              <value>
                <![CDATA[{company=Microsoft, lastname=Marley, runmode=Y, firstname=Bob}]]>
              </value>
            </param>
          </params>
          <reporter-output>
            <line>
              <![CDATA[Contact added successfully-> Bob Marley]]>
            </line>
            <line>
              <![CDATA[Click to see screenshot]]>
            </line>
            <line>
              <![CDATA[<br>]]>
            </line>
            <line>
              <![CDATA[<a target="blank" href=Wed_May_12_16_11_32_IST_2021.jpg>Screenshot</a>]]>
            </line>
          </reporter-output>
        </test-method> <!-- createNewContactTest -->
        <test-method status="PASS" signature="logoutOfApp()[pri:0, instance:com.pageObject.testcases.CreateNewContactTest@5ee2b6f9]" name="logoutOfApp" is-config="true" duration-ms="5871" started-at="2021-05-12T10:41:33Z" finished-at="2021-05-12T10:41:38Z">
          <reporter-output>
          </reporter-output>
        </test-method> <!-- logoutOfApp -->
        <test-method status="PASS" signature="loginToApp()[pri:0, instance:com.pageObject.testcases.CreateNewContactTest@5ee2b6f9]" name="loginToApp" is-config="true" duration-ms="5383" started-at="2021-05-12T10:41:38Z" finished-at="2021-05-12T10:41:44Z">
          <reporter-output>
          </reporter-output>
        </test-method> <!-- loginToApp -->
        <test-method status="PASS" signature="createNewContactTest(java.util.Hashtable)[pri:0, instance:com.pageObject.testcases.CreateNewContactTest@5ee2b6f9]" name="createNewContactTest" duration-ms="45302" started-at="2021-05-12T10:41:44Z" data-provider="dp" finished-at="2021-05-12T10:42:29Z">
          <params>
            <param index="0">
              <value>
                <![CDATA[{company=Google, lastname=Smith, runmode=Y, firstname=John}]]>
              </value>
            </param>
          </params>
          <reporter-output>
            <line>
              <![CDATA[Contact added successfully-> John Smith]]>
            </line>
            <line>
              <![CDATA[Click to see screenshot]]>
            </line>
            <line>
              <![CDATA[<br>]]>
            </line>
            <line>
              <![CDATA[<a target="blank" href=Wed_May_12_16_12_29_IST_2021.jpg>Screenshot</a>]]>
            </line>
          </reporter-output>
        </test-method> <!-- createNewContactTest -->
        <test-method status="PASS" signature="logoutOfApp()[pri:0, instance:com.pageObject.testcases.CreateNewContactTest@5ee2b6f9]" name="logoutOfApp" is-config="true" duration-ms="6020" started-at="2021-05-12T10:42:29Z" finished-at="2021-05-12T10:42:35Z">
          <reporter-output>
          </reporter-output>
        </test-method> <!-- logoutOfApp -->
        <test-method status="PASS" signature="loginToApp()[pri:0, instance:com.pageObject.testcases.CreateNewContactTest@5ee2b6f9]" name="loginToApp" is-config="true" duration-ms="5377" started-at="2021-05-12T10:42:35Z" finished-at="2021-05-12T10:42:41Z">
          <reporter-output>
          </reporter-output>
        </test-method> <!-- loginToApp -->
        <test-method status="PASS" signature="createNewContactTest(java.util.Hashtable)[pri:0, instance:com.pageObject.testcases.CreateNewContactTest@5ee2b6f9]" name="createNewContactTest" duration-ms="43904" started-at="2021-05-12T10:42:41Z" data-provider="dp" finished-at="2021-05-12T10:43:25Z">
          <params>
            <param index="0">
              <value>
                <![CDATA[{company=FIS, lastname=Jones, runmode=Y, firstname=Mike}]]>
              </value>
            </param>
          </params>
          <reporter-output>
            <line>
              <![CDATA[Contact added successfully-> Mike Jones]]>
            </line>
            <line>
              <![CDATA[Click to see screenshot]]>
            </line>
            <line>
              <![CDATA[<br>]]>
            </line>
            <line>
              <![CDATA[<a target="blank" href=Wed_May_12_16_13_25_IST_2021.jpg>Screenshot</a>]]>
            </line>
          </reporter-output>
        </test-method> <!-- createNewContactTest -->
        <test-method status="PASS" signature="logoutOfApp()[pri:0, instance:com.pageObject.testcases.CreateNewContactTest@5ee2b6f9]" name="logoutOfApp" is-config="true" duration-ms="5620" started-at="2021-05-12T10:43:26Z" finished-at="2021-05-12T10:43:31Z">
          <reporter-output>
          </reporter-output>
        </test-method> <!-- logoutOfApp -->
        <test-method status="PASS" signature="loginToApp()[pri:0, instance:com.pageObject.testcases.CreateNewContactTest@5ee2b6f9]" name="loginToApp" is-config="true" duration-ms="5357" started-at="2021-05-12T10:43:31Z" finished-at="2021-05-12T10:43:37Z">
          <reporter-output>
          </reporter-output>
        </test-method> <!-- loginToApp -->
        <test-method status="PASS" signature="createNewContactTest(java.util.Hashtable)[pri:0, instance:com.pageObject.testcases.CreateNewContactTest@5ee2b6f9]" name="createNewContactTest" duration-ms="44657" started-at="2021-05-12T10:43:37Z" data-provider="dp" finished-at="2021-05-12T10:44:21Z">
          <params>
            <param index="0">
              <value>
                <![CDATA[{company=Facebook, lastname=Murray, runmode=Y, firstname=Phil}]]>
              </value>
            </param>
          </params>
          <reporter-output>
            <line>
              <![CDATA[Contact added successfully-> Phil Murray]]>
            </line>
            <line>
              <![CDATA[Click to see screenshot]]>
            </line>
            <line>
              <![CDATA[<br>]]>
            </line>
            <line>
              <![CDATA[<a target="blank" href=Wed_May_12_16_14_22_IST_2021.jpg>Screenshot</a>]]>
            </line>
          </reporter-output>
        </test-method> <!-- createNewContactTest -->
        <test-method status="PASS" signature="logoutOfApp()[pri:0, instance:com.pageObject.testcases.CreateNewContactTest@5ee2b6f9]" name="logoutOfApp" is-config="true" duration-ms="46330" started-at="2021-05-12T10:44:22Z" finished-at="2021-05-12T10:45:08Z">
          <reporter-output>
          </reporter-output>
        </test-method> <!-- logoutOfApp -->
      </class> <!-- com.pageObject.testcases.CreateNewContactTest -->
    </test> <!-- Add Contacts Test -->
    <test name="Add Deal Test" duration-ms="229557" started-at="2021-05-12T10:45:08Z" finished-at="2021-05-12T10:48:58Z">
      <class name="com.pageObject.testcases.CreateNewDealTest">
        <test-method status="PASS" signature="loginToApp()[pri:0, instance:com.pageObject.testcases.CreateNewDealTest@5b529706]" name="loginToApp" is-config="true" duration-ms="5404" started-at="2021-05-12T10:45:08Z" finished-at="2021-05-12T10:45:13Z">
          <reporter-output>
          </reporter-output>
        </test-method> <!-- loginToApp -->
        <test-method status="PASS" signature="createNewDealTest(java.util.Hashtable)[pri:0, instance:com.pageObject.testcases.CreateNewDealTest@5b529706]" name="createNewDealTest" duration-ms="43775" started-at="2021-05-12T10:45:13Z" data-provider="dp" finished-at="2021-05-12T10:45:57Z">
          <params>
            <param index="0">
              <value>
                <![CDATA[{company=Tesla, description=Battery operated cars, runmode=Y, title=Automobile}]]>
              </value>
            </param>
          </params>
          <reporter-output>
            <line>
              <![CDATA[Contact added successfully-> null null]]>
            </line>
            <line>
              <![CDATA[Click to see screenshot]]>
            </line>
            <line>
              <![CDATA[<br>]]>
            </line>
            <line>
              <![CDATA[<a target="blank" href=Wed_May_12_16_15_57_IST_2021.jpg>Screenshot</a>]]>
            </line>
          </reporter-output>
        </test-method> <!-- createNewDealTest -->
        <test-method status="PASS" signature="logoutOfApp()[pri:0, instance:com.pageObject.testcases.CreateNewDealTest@5b529706]" name="logoutOfApp" is-config="true" duration-ms="5614" started-at="2021-05-12T10:45:57Z" finished-at="2021-05-12T10:46:03Z">
          <reporter-output>
          </reporter-output>
        </test-method> <!-- logoutOfApp -->
        <test-method status="PASS" signature="loginToApp()[pri:0, instance:com.pageObject.testcases.CreateNewDealTest@5b529706]" name="loginToApp" is-config="true" duration-ms="5370" started-at="2021-05-12T10:46:03Z" finished-at="2021-05-12T10:46:08Z">
          <reporter-output>
          </reporter-output>
        </test-method> <!-- loginToApp -->
        <test-method status="PASS" signature="createNewDealTest(java.util.Hashtable)[pri:0, instance:com.pageObject.testcases.CreateNewDealTest@5b529706]" name="createNewDealTest" duration-ms="45912" started-at="2021-05-12T10:46:08Z" data-provider="dp" finished-at="2021-05-12T10:46:54Z">
          <params>
            <param index="0">
              <value>
                <![CDATA[{company=SpaceX, description=Starship for better future, runmode=Y, title=Aviation}]]>
              </value>
            </param>
          </params>
          <reporter-output>
            <line>
              <![CDATA[Contact added successfully-> null null]]>
            </line>
            <line>
              <![CDATA[Click to see screenshot]]>
            </line>
            <line>
              <![CDATA[<br>]]>
            </line>
            <line>
              <![CDATA[<a target="blank" href=Wed_May_12_16_16_55_IST_2021.jpg>Screenshot</a>]]>
            </line>
          </reporter-output>
        </test-method> <!-- createNewDealTest -->
        <test-method status="PASS" signature="logoutOfApp()[pri:0, instance:com.pageObject.testcases.CreateNewDealTest@5b529706]" name="logoutOfApp" is-config="true" duration-ms="5975" started-at="2021-05-12T10:46:55Z" finished-at="2021-05-12T10:47:01Z">
          <reporter-output>
          </reporter-output>
        </test-method> <!-- logoutOfApp -->
        <test-method status="PASS" signature="loginToApp()[pri:0, instance:com.pageObject.testcases.CreateNewDealTest@5b529706]" name="loginToApp" is-config="true" duration-ms="5523" started-at="2021-05-12T10:47:01Z" finished-at="2021-05-12T10:47:06Z">
          <reporter-output>
          </reporter-output>
        </test-method> <!-- loginToApp -->
        <test-method status="PASS" signature="createNewDealTest(java.util.Hashtable)[pri:0, instance:com.pageObject.testcases.CreateNewDealTest@5b529706]" name="createNewDealTest" duration-ms="46345" started-at="2021-05-12T10:47:06Z" data-provider="dp" finished-at="2021-05-12T10:47:52Z">
          <params>
            <param index="0">
              <value>
                <![CDATA[{company=Nestle, description=Making Maggi since generations, runmode=Y, title=Food manufacuring}]]>
              </value>
            </param>
          </params>
          <reporter-output>
            <line>
              <![CDATA[Contact added successfully-> null null]]>
            </line>
            <line>
              <![CDATA[Click to see screenshot]]>
            </line>
            <line>
              <![CDATA[<br>]]>
            </line>
            <line>
              <![CDATA[<a target="blank" href=Wed_May_12_16_17_53_IST_2021.jpg>Screenshot</a>]]>
            </line>
          </reporter-output>
        </test-method> <!-- createNewDealTest -->
        <test-method status="PASS" signature="logoutOfApp()[pri:0, instance:com.pageObject.testcases.CreateNewDealTest@5b529706]" name="logoutOfApp" is-config="true" duration-ms="5729" started-at="2021-05-12T10:47:53Z" finished-at="2021-05-12T10:47:58Z">
          <reporter-output>
          </reporter-output>
        </test-method> <!-- logoutOfApp -->
        <test-method status="PASS" signature="loginToApp()[pri:0, instance:com.pageObject.testcases.CreateNewDealTest@5b529706]" name="loginToApp" is-config="true" duration-ms="5353" started-at="2021-05-12T10:47:58Z" finished-at="2021-05-12T10:48:04Z">
          <reporter-output>
          </reporter-output>
        </test-method> <!-- loginToApp -->
        <test-method status="PASS" signature="createNewDealTest(java.util.Hashtable)[pri:0, instance:com.pageObject.testcases.CreateNewDealTest@5b529706]" name="createNewDealTest" duration-ms="48070" started-at="2021-05-12T10:48:04Z" data-provider="dp" finished-at="2021-05-12T10:48:52Z">
          <params>
            <param index="0">
              <value>
                <![CDATA[{company=FIS, description=My existing company, runmode=Y, title=Information Technology}]]>
              </value>
            </param>
          </params>
          <reporter-output>
            <line>
              <![CDATA[Contact added successfully-> null null]]>
            </line>
            <line>
              <![CDATA[Click to see screenshot]]>
            </line>
            <line>
              <![CDATA[<br>]]>
            </line>
            <line>
              <![CDATA[<a target="blank" href=Wed_May_12_16_18_52_IST_2021.jpg>Screenshot</a>]]>
            </line>
          </reporter-output>
        </test-method> <!-- createNewDealTest -->
        <test-method status="PASS" signature="logoutOfApp()[pri:0, instance:com.pageObject.testcases.CreateNewDealTest@5b529706]" name="logoutOfApp" is-config="true" duration-ms="5660" started-at="2021-05-12T10:48:52Z" finished-at="2021-05-12T10:48:58Z">
          <reporter-output>
          </reporter-output>
        </test-method> <!-- logoutOfApp -->
        <test-method status="PASS" signature="tearDown()[pri:0, instance:com.pageObject.testcases.CreateNewDealTest@5b529706]" name="tearDown" is-config="true" duration-ms="1064" started-at="2021-05-12T10:48:58Z" finished-at="2021-05-12T10:48:59Z">
          <reporter-output>
          </reporter-output>
        </test-method> <!-- tearDown -->
      </class> <!-- com.pageObject.testcases.CreateNewDealTest -->
    </test> <!-- Add Deal Test -->
  </suite> <!-- Cogmento Suite -->
</testng-results>
