<?xml version="1.0" encoding="UTF-8"?>
<testsuite name="Add Deal Test"
           tests="4"
           failures="0"
           errors="0"
           skipped="0"
           time="16.290">
  <properties />
  
  
            <testcase name="createNewDealTest" time="3.989" classname="com.pageObject.testcases.CreateNewDealTest" />
                <testcase name="createNewDealTest" time="4.767" classname="com.pageObject.testcases.CreateNewDealTest" />
                <testcase name="createNewDealTest" time="3.873" classname="com.pageObject.testcases.CreateNewDealTest" />
                <testcase name="createNewDealTest" time="3.661" classname="com.pageObject.testcases.CreateNewDealTest" />
      
</testsuite>
