<?xml version="1.0" encoding="UTF-8"?>
<testsuite name="Add Contacts Test"
           tests="4"
           failures="0"
           errors="0"
           skipped="0"
           time="17.330">
  <properties />
  
  
            <testcase name="createNewContactTest" time="3.776" classname="com.pageObject.testcases.CreateNewContactTest" />
                <testcase name="createNewContactTest" time="4.488" classname="com.pageObject.testcases.CreateNewContactTest" />
                <testcase name="createNewContactTest" time="4.663" classname="com.pageObject.testcases.CreateNewContactTest" />
                <testcase name="createNewContactTest" time="4.403" classname="com.pageObject.testcases.CreateNewContactTest" />
      
</testsuite>
