<?xml version="1.0" encoding="UTF-8"?>
<testsuite name="Add Contacts Test"
           tests="4"
           failures="0"
           errors="0"
           skipped="0"
           time="220.267">
  <properties />
  
  
            <testcase name="createNewContactTest" time="46.742" classname="com.pageObject.testcases.CreateNewContactTest" />
                <testcase name="createNewContactTest" time="84.828" classname="com.pageObject.testcases.CreateNewContactTest" />
                <testcase name="createNewContactTest" time="44.881" classname="com.pageObject.testcases.CreateNewContactTest" />
                <testcase name="createNewContactTest" time="43.816" classname="com.pageObject.testcases.CreateNewContactTest" />
      
</testsuite>
