<?xml version="1.0" encoding="UTF-8"?>
<testsuite name="Add Deal Test"
           tests="4"
           failures="0"
           errors="0"
           skipped="0"
           time="178.822">
  <properties />
  
  
            <testcase name="createNewDealTest" time="46.054" classname="com.pageObject.testcases.CreateNewDealTest" />
                <testcase name="createNewDealTest" time="45.185" classname="com.pageObject.testcases.CreateNewDealTest" />
                <testcase name="createNewDealTest" time="43.653" classname="com.pageObject.testcases.CreateNewDealTest" />
                <testcase name="createNewDealTest" time="43.930" classname="com.pageObject.testcases.CreateNewDealTest" />
      
</testsuite>
