<?xml version="1.0" encoding="UTF-8"?>
<!-- Generated by org.testng.reporters.JUnitXMLReporter -->
<testsuite hostname="Manpreet" ignored="0" name="Add Contacts Test" tests="4" failures="0" timestamp="06 May 2021 17:42:52 GMT" time="66.948" errors="0">
  <testcase name="createNewContactTest" time="6.249" classname="com.pageObject.testcases.CreateNewContactTest"/>
  <testcase name="createNewContactTest" time="4.598" classname="com.pageObject.testcases.CreateNewContactTest"/>
  <testcase name="createNewContactTest" time="4.729" classname="com.pageObject.testcases.CreateNewContactTest"/>
  <testcase name="createNewContactTest" time="5.221" classname="com.pageObject.testcases.CreateNewContactTest"/>
</testsuite> <!-- Add Contacts Test -->
