<?xml version="1.0" encoding="UTF-8"?>
<!-- Generated by org.testng.reporters.JUnitXMLReporter -->
<testsuite hostname="Manpreet" ignored="0" name="Add Contacts Test" tests="4" failures="0" timestamp="12 May 2021 10:45:08 GMT" time="267.443" errors="0">
  <testcase name="createNewContactTest" time="45.529" classname="com.pageObject.testcases.CreateNewContactTest"/>
  <testcase name="createNewContactTest" time="45.302" classname="com.pageObject.testcases.CreateNewContactTest"/>
  <testcase name="createNewContactTest" time="43.904" classname="com.pageObject.testcases.CreateNewContactTest"/>
  <testcase name="createNewContactTest" time="44.657" classname="com.pageObject.testcases.CreateNewContactTest"/>
</testsuite> <!-- Add Contacts Test -->
