<?xml version="1.0" encoding="UTF-8"?>
<!-- Generated by org.testng.reporters.JUnitXMLReporter -->
<testsuite hostname="Manpreet" ignored="0" name="Add Deal Test" tests="4" failures="0" timestamp="12 May 2021 10:48:58 GMT" time="229.557" errors="0">
  <testcase name="createNewDealTest" time="43.775" classname="com.pageObject.testcases.CreateNewDealTest"/>
  <testcase name="createNewDealTest" time="45.912" classname="com.pageObject.testcases.CreateNewDealTest"/>
  <testcase name="createNewDealTest" time="46.345" classname="com.pageObject.testcases.CreateNewDealTest"/>
  <testcase name="createNewDealTest" time="48.07" classname="com.pageObject.testcases.CreateNewDealTest"/>
</testsuite> <!-- Add Deal Test -->
