<?xml version="1.0" encoding="UTF-8"?>
<!-- Generated by org.testng.reporters.JUnitXMLReporter -->
<testsuite hostname="Manpreet" ignored="0" name="Add Deal Test" tests="4" failures="0" timestamp="12 May 2021 12:20:02 GMT" time="250.898" errors="0">
  <testcase name="createNewDealTest" time="43.549" classname="com.pageObject.testcases.CreateNewDealTest"/>
  <testcase name="createNewDealTest" time="43.52" classname="com.pageObject.testcases.CreateNewDealTest"/>
  <testcase name="createNewDealTest" time="43.821" classname="com.pageObject.testcases.CreateNewDealTest"/>
  <testcase name="createNewDealTest" time="44.383" classname="com.pageObject.testcases.CreateNewDealTest"/>
</testsuite> <!-- Add Deal Test -->
